[2019-08-15 14:52:13 $7537.0]	INFO	Server is reloading task workers now
[2019-08-15 14:53:17 $7537.0]	INFO	Server is reloading task workers now
[2019-08-15 14:53:35 #7536.2]	INFO	Server is shutdown now
[2019-08-15 15:00:52 $7704.0]	INFO	Server is reloading task workers now
[2019-08-15 15:01:04 $7704.0]	INFO	Server is reloading task workers now
[2019-08-15 15:05:48 #7703.2]	INFO	Server is shutdown now
[2019-08-15 15:07:15 $7940.0]	INFO	Server is reloading all workers now
[2019-08-15 15:21:00 $7940.0]	INFO	Server is reloading all workers now
[2019-08-15 15:21:13 $7940.0]	INFO	Server is reloading all workers now
[2019-08-15 15:21:37 $7940.0]	INFO	Server is reloading all workers now
[2019-08-15 15:21:43 $7940.0]	INFO	Server is reloading all workers now
[2019-08-15 15:21:57 $7940.0]	INFO	Server is reloading all workers now
[2019-08-15 15:22:09 $7940.0]	INFO	Server is reloading all workers now
[2019-08-15 15:22:11 $7940.0]	INFO	Server is reloading all workers now
[2019-08-15 15:36:21 $7940.0]	INFO	Server is reloading all workers now
[2019-08-15 15:36:26 $7940.0]	INFO	Server is reloading all workers now
[2019-08-15 15:36:29 $7940.0]	INFO	Server is reloading all workers now
[2019-08-15 15:36:35 $7940.0]	INFO	Server is reloading all workers now
[2019-08-15 15:36:40 $7940.0]	INFO	Server is reloading all workers now
[2019-08-15 15:36:42 $7940.0]	INFO	Server is reloading all workers now
[2019-08-15 15:36:50 $7940.0]	INFO	Server is reloading all workers now
[2019-08-15 15:36:57 $7940.0]	INFO	Server is reloading all workers now
[2019-08-15 15:37:52 $7940.0]	INFO	Server is reloading all workers now
[2019-08-15 15:38:48 $7940.0]	INFO	Server is reloading all workers now
[2019-08-15 15:39:40 $7940.0]	INFO	Server is reloading all workers now
[2019-08-15 15:40:35 $7940.0]	INFO	Server is reloading all workers now
[2019-08-15 15:40:43 $7940.0]	INFO	Server is reloading all workers now
[2019-08-15 15:41:07 $7940.0]	INFO	Server is reloading all workers now
[2019-08-15 15:41:12 $7940.0]	INFO	Server is reloading all workers now
[2019-08-15 15:43:30 $7940.0]	INFO	Server is reloading all workers now
[2019-08-15 15:43:33 *8727.3]	WARNING	swWorker_reactor_is_empty (ERRNO 9012): worker exit timeout, forced to terminate
[2019-08-15 15:43:54 $7940.0]	INFO	Server is reloading all workers now
[2019-08-15 15:46:51 $7940.0]	INFO	Server is reloading all workers now
[2019-08-15 15:46:54 *8773.3]	WARNING	swWorker_reactor_is_empty (ERRNO 9012): worker exit timeout, forced to terminate
[2019-08-15 16:21:44 $7940.0]	INFO	Server is reloading all workers now
[2019-08-15 16:22:09 $7940.0]	INFO	Server is reloading all workers now
[2019-08-15 16:41:29 $7940.0]	INFO	Server is reloading all workers now
[2019-08-15 16:41:31 $7940.0]	INFO	Server is reloading all workers now
[2019-08-15 16:41:40 $7940.0]	INFO	Server is reloading all workers now
[2019-08-15 16:43:34 $7940.0]	INFO	Server is reloading all workers now
[2019-08-15 16:49:28 $7940.0]	INFO	Server is reloading all workers now
[2019-08-15 16:49:34 $7940.0]	INFO	Server is reloading all workers now
[2019-08-15 16:49:38 $7940.0]	INFO	Server is reloading all workers now
[2019-08-15 16:50:07 $7940.0]	INFO	Server is reloading all workers now
[2019-08-15 16:50:10 *9470.3]	WARNING	swWorker_reactor_is_empty (ERRNO 9012): worker exit timeout, forced to terminate
[2019-08-15 16:50:18 $7940.0]	INFO	Server is reloading task workers now
[2019-08-15 16:50:32 $7940.0]	INFO	Server is reloading all workers now
[2019-08-15 16:50:35 *9535.3]	WARNING	swWorker_reactor_is_empty (ERRNO 9012): worker exit timeout, forced to terminate
[2019-08-15 16:51:02 $7940.0]	INFO	Server is reloading all workers now
[2019-08-15 16:51:46 $7940.0]	INFO	Server is reloading task workers now
[2019-08-15 16:52:59 $7940.0]	INFO	Server is reloading all workers now
[2019-08-15 16:53:34 $7940.0]	INFO	Server is reloading all workers now
[2019-08-15 16:53:37 *9626.3]	WARNING	swWorker_reactor_is_empty (ERRNO 9012): worker exit timeout, forced to terminate
[2019-08-15 16:53:39 $7940.0]	INFO	Server is reloading all workers now
[2019-08-15 16:53:42 $7940.0]	INFO	Server is reloading all workers now
[2019-08-15 16:55:13 $7940.0]	INFO	Server is reloading all workers now
[2019-08-15 16:55:18 $7940.0]	INFO	Server is reloading all workers now
[2019-08-15 16:55:27 $7940.0]	INFO	Server is reloading all workers now
[2019-08-15 16:55:49 $7940.0]	INFO	Server is reloading all workers now
[2019-08-15 16:56:33 $7940.0]	INFO	Server is reloading all workers now
[2019-08-15 16:58:42 $7940.0]	INFO	Server is reloading all workers now
[2019-08-15 16:58:45 *9763.3]	WARNING	swWorker_reactor_is_empty (ERRNO 9012): worker exit timeout, forced to terminate
[2019-08-15 17:00:42 $7940.0]	INFO	Server is reloading all workers now
[2019-08-15 17:00:45 *9784.3]	WARNING	swWorker_reactor_is_empty (ERRNO 9012): worker exit timeout, forced to terminate
[2019-08-15 17:02:40 $7940.0]	INFO	Server is reloading all workers now
[2019-08-15 17:02:43 *9838.3]	WARNING	swWorker_reactor_is_empty (ERRNO 9012): worker exit timeout, forced to terminate
[2019-08-15 17:07:12 $7940.0]	INFO	Server is reloading all workers now
[2019-08-15 17:08:10 $7940.0]	INFO	Server is reloading all workers now
[2019-08-15 17:11:28 $7940.0]	INFO	Server is reloading all workers now
[2019-08-15 17:15:33 $7940.0]	INFO	Server is reloading all workers now
[2019-08-15 17:15:58 $7940.0]	INFO	Server is reloading all workers now
[2019-08-15 17:19:56 #7939.2]	INFO	Server is shutdown now
[2019-08-15 17:19:56 @7959.0]	NOTICE	swoole_server_rshutdown (ERRNO 9003): worker process is terminated by exit()/die()
[2019-08-15 17:36:01 $10377.0]	INFO	Server is reloading all workers now
[2019-08-15 17:36:13 $10377.0]	INFO	Server is reloading all workers now
[2019-08-15 17:37:07 $10377.0]	INFO	Server is reloading all workers now
[2019-08-15 17:37:11 $10377.0]	INFO	Server is reloading all workers now
[2019-08-15 17:37:55 $10377.0]	INFO	Server is reloading all workers now
[2019-08-15 17:38:18 *10584.3]	ERROR	swoole_server_rshutdown (ERRNO 503): Fatal error: require(): Failed opening required '/mnt/hgfs/share/easyswoole/App/Config' (include_path='.:/usr/share/php') in /mnt/hgfs/share/easyswoole/vendor/easyswoole/easyswoole/src/Config.php on line 97
[2019-08-15 17:38:18 $10570.0]	WARNING	swManager_check_exit_status: worker#3[pid=10584] abnormal exit, status=255, signal=0
[2019-08-15 17:38:36 $10570.0]	INFO	Server is reloading all workers now
[2019-08-15 17:40:54 $10642.0]	INFO	Server is reloading all workers now
[2019-08-15 17:41:57 $10814.0]	INFO	Server is reloading all workers now
[2019-08-15 17:42:11 $10814.0]	INFO	Server is reloading all workers now
[2019-08-15 17:42:18 $10814.0]	INFO	Server is reloading all workers now
[2019-08-15 17:48:14 $10930.0]	INFO	Server is reloading all workers now
[2019-08-15 18:33:27 $10930.0]	INFO	Server is reloading all workers now
[2019-08-15 18:33:30 $10930.0]	INFO	Server is reloading all workers now
[2019-08-15 18:33:40 $10930.0]	INFO	Server is reloading all workers now
[2019-08-15 18:33:48 $10930.0]	INFO	Server is reloading all workers now
[2019-08-15 18:35:33 $10930.0]	INFO	Server is reloading all workers now
[2019-08-15 18:35:38 $10930.0]	INFO	Server is reloading all workers now
[2019-08-15 19:33:53 $11438.0]	INFO	Server is reloading all workers now
[2019-08-15 19:35:42 $12021.0]	INFO	Server is reloading all workers now
[2019-08-15 19:36:26 $12021.0]	INFO	Server is reloading all workers now
[2019-08-15 20:26:37 $12021.0]	INFO	Server is reloading all workers now
[2019-08-15 20:32:25 ^12483.14]	WARNING	swSignalfd_onSignal (ERRNO 707): Unable to find callback function for signal Hangup: 1
[2019-08-15 20:32:25 ^12484.15]	WARNING	swSignalfd_onSignal (ERRNO 707): Unable to find callback function for signal Hangup: 1
[2019-08-15 20:32:25 ^12483.14]	WARNING	swSignalfd_onSignal (ERRNO 707): Unable to find callback function for signal Hangup: 1
[2019-08-15 20:32:25 ^12482.13]	WARNING	swSignalfd_onSignal (ERRNO 707): Unable to find callback function for signal Hangup: 1
[2019-08-15 20:32:25 ^12481.12]	WARNING	swSignalfd_onSignal (ERRNO 707): Unable to find callback function for signal Hangup: 1
[2019-08-15 20:32:25 ^12480.11]	WARNING	swSignalfd_onSignal (ERRNO 707): Unable to find callback function for signal Hangup: 1
[2019-08-15 20:32:25 ^12478.9]	WARNING	swSignalfd_onSignal (ERRNO 707): Unable to find callback function for signal Hangup: 1
[2019-08-15 20:32:25 *12477.4]	WARNING	swSignalfd_onSignal (ERRNO 707): Unable to find callback function for signal Hangup: 1
[2019-08-15 20:32:25 *12469.1]	WARNING	swSignalfd_onSignal (ERRNO 707): Unable to find callback function for signal Hangup: 1
[2019-08-15 20:32:25 #12020.2]	WARNING	swSignalfd_onSignal (ERRNO 707): Unable to find callback function for signal Hangup: 1
[2019-08-15 20:32:25 ^12479.10]	WARNING	swSignalfd_onSignal (ERRNO 707): Unable to find callback function for signal Hangup: 1
[2019-08-15 20:32:25 $12021.0]	WARNING	swSignal_callback (ERRNO 707): Unable to find callback function for signal Hangup: 1
[2019-08-15 20:32:25 $12021.0]	WARNING	swManager_check_exit_status: worker#16[pid=12040] abnormal exit, status=0, signal=1
[2019-08-15 20:32:25 *12470.3]	WARNING	swSignalfd_onSignal (ERRNO 707): Unable to find callback function for signal Hangup: 1
[2019-08-15 20:32:25 *12471.5]	WARNING	swSignalfd_onSignal (ERRNO 707): Unable to find callback function for signal Hangup: 1
[2019-08-15 20:32:25 *12476.0]	WARNING	swSignalfd_onSignal (ERRNO 707): Unable to find callback function for signal Hangup: 1
[2019-08-15 20:32:25 *12472.7]	WARNING	swSignalfd_onSignal (ERRNO 707): Unable to find callback function for signal Hangup: 1
[2019-08-15 20:32:25 ^12473.8]	WARNING	swSignalfd_onSignal (ERRNO 707): Unable to find callback function for signal Hangup: 1
[2019-08-15 20:32:25 *12474.6]	WARNING	swSignalfd_onSignal (ERRNO 707): Unable to find callback function for signal Hangup: 1
[2019-08-15 20:32:25 *12475.2]	WARNING	swSignalfd_onSignal (ERRNO 707): Unable to find callback function for signal Hangup: 1
[2019-08-16 09:46:01 *4255.3]	WARNING	connect: Invalid port argument[0]
[2019-08-16 09:46:01 *4255.3]	WARNING	connect: Invalid port argument[0]
[2019-08-16 09:46:01 *4255.3]	WARNING	connect: Invalid port argument[0]
[2019-08-16 09:46:01 *4255.3]	WARNING	connect: Invalid port argument[0]
[2019-08-16 09:48:33 $4241.0]	INFO	Server is reloading all workers now
[2019-08-16 09:48:46 $4241.0]	INFO	Server is reloading all workers now
[2019-08-16 09:48:54 $4241.0]	INFO	Server is reloading all workers now
[2019-08-16 09:48:57 $4241.0]	INFO	Server is reloading all workers now
[2019-08-16 09:49:15 $4241.0]	INFO	Server is reloading all workers now
[2019-08-16 09:49:20 $4241.0]	INFO	Server is reloading all workers now
[2019-08-16 09:49:52 $4241.0]	INFO	Server is reloading all workers now
[2019-08-16 09:50:18 $4241.0]	INFO	Server is reloading all workers now
[2019-08-16 09:50:25 ^4716.8]	ERROR	swoole_server_rshutdown (ERRNO 503): Fatal error: Interface 'EasySwoole\Task\AbstractInterface\TaskInterface' not found in /mnt/hgfs/share/easyswoole/App/Task/TestTask.php on line 8
[2019-08-16 09:50:25 $4713.0]	WARNING	swManager_check_exit_status: worker#8[pid=4716] abnormal exit, status=255, signal=0
[2019-08-16 09:51:42 $4713.0]	INFO	Server is reloading all workers now
[2019-08-16 09:52:46 ^4756.12]	WARNING	swSignalfd_onSignal (ERRNO 707): Unable to find callback function for signal Hangup: 1
[2019-08-16 09:52:46 ^4757.13]	WARNING	swSignalfd_onSignal (ERRNO 707): Unable to find callback function for signal Hangup: 1
[2019-08-16 09:52:46 #4712.2]	WARNING	swSignalfd_onSignal (ERRNO 707): Unable to find callback function for signal Hangup: 1
[2019-08-16 09:52:46 *4747.3]	WARNING	swSignalfd_onSignal (ERRNO 707): Unable to find callback function for signal Hangup: 1
[2019-08-16 09:52:46 *4745.1]	WARNING	swSignalfd_onSignal (ERRNO 707): Unable to find callback function for signal Hangup: 1
[2019-08-16 09:52:46 *4744.0]	WARNING	swSignalfd_onSignal (ERRNO 707): Unable to find callback function for signal Hangup: 1
[2019-08-16 09:52:46 ^4758.14]	WARNING	swSignalfd_onSignal (ERRNO 707): Unable to find callback function for signal Hangup: 1
[2019-08-16 09:52:46 *4750.5]	WARNING	swSignalfd_onSignal (ERRNO 707): Unable to find callback function for signal Hangup: 1
[2019-08-16 09:52:46 *4749.4]	WARNING	swSignalfd_onSignal (ERRNO 707): Unable to find callback function for signal Hangup: 1
[2019-08-16 09:52:46 *4752.7]	WARNING	swSignalfd_onSignal (ERRNO 707): Unable to find callback function for signal Hangup: 1
[2019-08-16 09:52:46 ^4759.15]	WARNING	swSignalfd_onSignal (ERRNO 707): Unable to find callback function for signal Hangup: 1
[2019-08-16 09:52:46 *4751.6]	WARNING	swSignalfd_onSignal (ERRNO 707): Unable to find callback function for signal Hangup: 1
[2019-08-16 09:52:46 *4743.2]	WARNING	swSignalfd_onSignal (ERRNO 707): Unable to find callback function for signal Hangup: 1
[2019-08-16 09:52:46 $4713.0]	WARNING	swSignal_callback (ERRNO 707): Unable to find callback function for signal Hangup: 1
[2019-08-16 09:52:46 $4713.0]	WARNING	swManager_check_exit_status: worker#16[pid=4732] abnormal exit, status=0, signal=1
[2019-08-16 09:52:46 ^4754.10]	WARNING	swSignalfd_onSignal (ERRNO 707): Unable to find callback function for signal Hangup: 1
[2019-08-16 09:52:46 ^4753.9]	WARNING	swSignalfd_onSignal (ERRNO 707): Unable to find callback function for signal Hangup: 1
[2019-08-16 09:52:46 ^4755.11]	WARNING	swSignalfd_onSignal (ERRNO 707): Unable to find callback function for signal Hangup: 1
[2019-08-16 09:52:46 ^4748.8]	WARNING	swSignalfd_onSignal (ERRNO 707): Unable to find callback function for signal Hangup: 1
[2019-08-16 09:54:04 #4712.2]	INFO	Server is shutdown now
[2019-08-16 09:54:04 @4762.0]	NOTICE	swoole_server_rshutdown (ERRNO 9003): worker process is terminated by exit()/die()
[2019-08-16 09:55:30 $4869.0]	INFO	Server is reloading all workers now
[2019-08-16 09:56:24 $4869.0]	INFO	Server is reloading all workers now
[2019-08-16 09:58:38 $4869.0]	INFO	Server is reloading all workers now
[2019-08-16 09:59:15 $5375.0]	INFO	Server is reloading all workers now
[2019-08-16 09:59:57 $5416.0]	INFO	Server is reloading all workers now
[2019-08-16 10:00:08 $5416.0]	INFO	Server is reloading all workers now
[2019-08-16 10:00:17 $5416.0]	INFO	Server is reloading all workers now
[2019-08-16 10:00:36 $5519.0]	INFO	Server is reloading all workers now
[2019-08-16 10:01:06 $5519.0]	INFO	Server is reloading all workers now
[2019-08-16 10:02:16 $5519.0]	INFO	Server is reloading all workers now
[2019-08-16 10:03:54 $5597.0]	INFO	Server is reloading all workers now
[2019-08-16 10:04:01 $5597.0]	INFO	Server is reloading all workers now
[2019-08-16 10:04:07 $5597.0]	INFO	Server is reloading all workers now
[2019-08-16 10:05:05 $5672.0]	INFO	Server is reloading all workers now
[2019-08-16 10:07:30 $5672.0]	INFO	Server is reloading all workers now
[2019-08-16 10:07:44 $5672.0]	INFO	Server is reloading all workers now
[2019-08-16 10:07:54 $5672.0]	INFO	Server is reloading all workers now
[2019-08-16 10:08:01 $5672.0]	INFO	Server is reloading all workers now
[2019-08-16 10:08:14 $5672.0]	INFO	Server is reloading all workers now
[2019-08-16 10:08:33 $5672.0]	INFO	Server is reloading all workers now
[2019-08-16 10:08:56 $5672.0]	INFO	Server is reloading all workers now
[2019-08-16 10:10:12 $5672.0]	INFO	Server is reloading all workers now
[2019-08-16 10:11:43 $5672.0]	INFO	Server is reloading all workers now
[2019-08-16 10:11:47 $5672.0]	INFO	Server is reloading all workers now
[2019-08-16 10:12:01 $5672.0]	INFO	Server is reloading all workers now
[2019-08-16 10:12:12 $5672.0]	INFO	Server is reloading all workers now
[2019-08-16 10:12:19 $5672.0]	INFO	Server is reloading all workers now
[2019-08-16 10:12:49 $5672.0]	INFO	Server is reloading all workers now
[2019-08-16 10:13:13 $5672.0]	INFO	Server is reloading all workers now
[2019-08-16 10:13:35 $5672.0]	INFO	Server is reloading all workers now
[2019-08-16 10:14:11 $5672.0]	INFO	Server is reloading all workers now
[2019-08-16 10:17:22 $5672.0]	INFO	Server is reloading all workers now
[2019-08-16 10:17:30 $5672.0]	INFO	Server is reloading all workers now
[2019-08-16 10:17:32 $5672.0]	INFO	Server is reloading all workers now
[2019-08-16 10:19:13 $5672.0]	INFO	Server is reloading all workers now
[2019-08-16 10:21:14 $5672.0]	INFO	Server is reloading all workers now
